          frames      enc    crc    crc    too    too    bad    enc   disc   link   loss   loss   frjt   fbsy 
       tx     rx      in    err    g_eof  shrt   long   eof     out   c3    fail    sync   sig 
     ========================================================================================================= 
  0:   37     41      0      0      0      0      0      0      1.3m   0      5      7      8      0      0   
  1:   24     24      0      0      0      0      0      0      7.5m   0      1      3      3      0      0   
  2:   21     22      0      0      0      0      0      0      8.3k   0      1      2      3      0      0   
  3:  634.6k  23      0      0      0      0      0      0      2.5m   0      0      1      2      0      0   
  4:    0      0      0      0      0      0      0      0      0      0      0      0      2      0      0   
  5:    0      0      0      0      0      0      0      0      0      0      0      0      2      0      0   
  6:    0      0      0      0      0      0      0      0      0      0      0      0      1      0      0   
  7:    0      0      0      0      0      0      0      0      0      0      0      0      1      0      0   
  8:    0      0      0      0      0      0      0      0      0      0      0      0      1      0      0   
  9:    0      0      0      0      0      0      0      0      0      0      0      0      1      0      0   
 10:    0      0      0      0      0      0      0      0      0      0      0      0      1      0      0   
 11:    0      0      0      0      0      0      0      0      0      0      0      0      1      0      0   
 12:    0      0      0      0      0      0      0      0      0      0      0      0      1      0      0   
 13:    0      0      0      0      0      0      0      0      0      0      0      0      1      0      0   
 14:    0      0      0      0      0      0      0      0      0      0      0      0      1      0      0   
 15:    0      0      0      0      0      0      0      0      0      0      0      0      1      0      0   
 16:    0      0      0      0      0      0      0      0      0      0      0      0      2      0      0   
 17:    0      0      0      0      0      0      0      0      0      0      0      0      2      0      0   
 18:    0      0      0      0      0      0      0      0      0      0      0      0      2      0      0   
 19:    0      0      0      0      0      0      0      0      0      0      0      0      1      0      0   
 20:    0      0      0      0      0      0      0      0      0      0      0      0      1      0      0   
 21:    0      0      0      0      0      0      0      0      0      0      0      0      2      0      0   
 22:    0      0      0      0      0      0      0      0      0      0      0      0      2      0      0   
 23:    0      0      0      0      0      0      0      0      0      0      0      0      2      0      0   
